This is pdfTeX, Version 3.14159265-2.6-1.40.18 (TeX Live 2017/Debian) (preloaded format=pdflatex 2018.10.15)  22 DEC 2018 01:05
entering extended mode
 \write18 enabled.
 %&-line parsing enabled.
**report.tex
(./report.tex
LaTeX2e <2017-04-15>
Babel <3.18> and hyphenation patterns for 3 language(s) loaded.
(/usr/share/texlive/texmf-dist/tex/latex/base/article.cls
Document Class: article 2014/09/29 v1.4h Standard LaTeX document class
(/usr/share/texlive/texmf-dist/tex/latex/base/size10.clo
File: size10.clo 2014/09/29 v1.4h Standard LaTeX file (size option)
)
\c@part=\count79
\c@section=\count80
\c@subsection=\count81
\c@subsubsection=\count82
\c@paragraph=\count83
\c@subparagraph=\count84
\c@figure=\count85
\c@table=\count86
\abovecaptionskip=\skip41
\belowcaptionskip=\skip42
\bibindent=\dimen102
)
(/usr/share/texlive/texmf-dist/tex/latex/graphics/graphicx.sty
Package: graphicx 2017/06/01 v1.1a Enhanced LaTeX Graphics (DPC,SPQR)

(/usr/share/texlive/texmf-dist/tex/latex/graphics/keyval.sty
Package: keyval 2014/10/28 v1.15 key=value parser (DPC)
\KV@toks@=\toks14
)
(/usr/share/texlive/texmf-dist/tex/latex/graphics/graphics.sty
Package: graphics 2017/06/25 v1.2c Standard LaTeX Graphics (DPC,SPQR)

(/usr/share/texlive/texmf-dist/tex/latex/graphics/trig.sty
Package: trig 2016/01/03 v1.10 sin cos tan (DPC)
)
(/usr/share/texlive/texmf-dist/tex/latex/graphics-cfg/graphics.cfg
File: graphics.cfg 2016/06/04 v1.11 sample graphics configuration
)
Package graphics Info: Driver file: pdftex.def on input line 99.

(/usr/share/texlive/texmf-dist/tex/latex/graphics-def/pdftex.def
File: pdftex.def 2018/01/08 v1.0l Graphics/color driver for pdftex
))
\Gin@req@height=\dimen103
\Gin@req@width=\dimen104
)
(/usr/share/texlive/texmf-dist/tex/latex/minted/minted.sty
Package: minted 2017/07/19 v2.5 Yet another Pygments shim for LaTeX

(/usr/share/texlive/texmf-dist/tex/latex/oberdiek/kvoptions.sty
Package: kvoptions 2016/05/16 v3.12 Key value format for package options (HO)

(/usr/share/texlive/texmf-dist/tex/generic/oberdiek/ltxcmds.sty
Package: ltxcmds 2016/05/16 v1.23 LaTeX kernel commands for general use (HO)
)
(/usr/share/texlive/texmf-dist/tex/generic/oberdiek/kvsetkeys.sty
Package: kvsetkeys 2016/05/16 v1.17 Key value parser (HO)

(/usr/share/texlive/texmf-dist/tex/generic/oberdiek/infwarerr.sty
Package: infwarerr 2016/05/16 v1.4 Providing info/warning/error messages (HO)
)
(/usr/share/texlive/texmf-dist/tex/generic/oberdiek/etexcmds.sty
Package: etexcmds 2016/05/16 v1.6 Avoid name clashes with e-TeX commands (HO)

(/usr/share/texlive/texmf-dist/tex/generic/oberdiek/ifluatex.sty
Package: ifluatex 2016/05/16 v1.4 Provides the ifluatex switch (HO)
Package ifluatex Info: LuaTeX not detected.
)
Package etexcmds Info: Could not find \expanded.
(etexcmds)             That can mean that you are not using pdfTeX 1.50 or
(etexcmds)             that some package has redefined \expanded.
(etexcmds)             In the latter case, load this package earlier.
)))
(/usr/share/texlive/texmf-dist/tex/latex/fvextra/fvextra.sty
Package: fvextra 2017/07/08 v1.3.1 fvextra - extensions and patches for fancyvr
b

(/usr/share/texlive/texmf-dist/tex/latex/base/ifthen.sty
Package: ifthen 2014/09/29 v1.1c Standard LaTeX ifthen package (DPC)
)
(/usr/share/texlive/texmf-dist/tex/latex/etoolbox/etoolbox.sty
Package: etoolbox 2018/02/11 v2.5e e-TeX tools for LaTeX (JAW)
\etb@tempcnta=\count87
)
(/usr/share/texlive/texmf-dist/tex/latex/fancyvrb/fancyvrb.sty
Package: fancyvrb 2008/02/07

Style option: `fancyvrb' v2.7a, with DG/SPQR fixes, and firstline=lastline fix 
<2008/02/07> (tvz)
\FV@CodeLineNo=\count88
\FV@InFile=\read1
\FV@TabBox=\box26
\c@FancyVerbLine=\count89
\FV@StepNumber=\count90
\FV@OutFile=\write3
)
(/usr/share/texlive/texmf-dist/tex/latex/upquote/upquote.sty
Package: upquote 2012/04/19 v1.3 upright-quote and grave-accent glyphs in verba
tim
)
(/usr/share/texlive/texmf-dist/tex/latex/lineno/lineno.sty
Package: lineno 2005/11/02 line numbers on paragraphs v4.41
\linenopenalty=\count91
\output=\toks15
\linenoprevgraf=\count92
\linenumbersep=\dimen105
\linenumberwidth=\dimen106
\c@linenumber=\count93
\c@pagewiselinenumber=\count94
\c@LN@truepage=\count95
\c@internallinenumber=\count96
\c@internallinenumbers=\count97
\quotelinenumbersep=\dimen107
\bframerule=\dimen108
\bframesep=\dimen109
\bframebox=\box27
LaTeX Info: Redefining \\ on input line 3056.
)
\c@FV@TrueTabGroupLevel=\count98
\c@FV@TrueTabCounter=\count99
\FV@TabBox@Group=\box28
\FV@TmpLength=\skip43
\c@FV@HighlightLinesStart=\count100
\c@FV@HighlightLinesStop=\count101
\FV@LoopCount=\count102
\FV@NCharsBox=\box29
\FV@BreakIndent=\dimen110
\FV@BreakIndentNChars=\count103
\FV@BreakSymbolSepLeft=\dimen111
\FV@BreakSymbolSepLeftNChars=\count104
\FV@BreakSymbolSepRight=\dimen112
\FV@BreakSymbolSepRightNChars=\count105
\FV@BreakSymbolIndentLeft=\dimen113
\FV@BreakSymbolIndentLeftNChars=\count106
\FV@BreakSymbolIndentRight=\dimen114
\FV@BreakSymbolIndentRightNChars=\count107
\c@FancyVerbLineBreakLast=\count108
\FV@LineBox=\box30
\FV@LineIndentBox=\box31
)
(/usr/share/texlive/texmf-dist/tex/latex/tools/calc.sty
Package: calc 2014/10/28 v4.3 Infix arithmetic (KKT,FJ)
\calc@Acount=\count109
\calc@Bcount=\count110
\calc@Adimen=\dimen115
\calc@Bdimen=\dimen116
\calc@Askip=\skip44
\calc@Bskip=\skip45
LaTeX Info: Redefining \setlength on input line 80.
LaTeX Info: Redefining \addtolength on input line 81.
\calc@Ccount=\count111
\calc@Cskip=\skip46
)
(/usr/share/texlive/texmf-dist/tex/latex/tools/shellesc.sty
Package: shellesc 2016/06/07 v0.02a unified shell escape interface for LaTeX
Package shellesc Info: Unrestricted shell escape enabled on input line 67.
)
(/usr/share/texlive/texmf-dist/tex/latex/ifplatform/ifplatform.sty
Package: ifplatform 2017/10/13 v0.4a Testing for the operating system

(/usr/share/texlive/texmf-dist/tex/generic/oberdiek/pdftexcmds.sty
Package: pdftexcmds 2018/01/21 v0.26 Utility functions of pdfTeX for LuaTeX (HO
)

(/usr/share/texlive/texmf-dist/tex/generic/oberdiek/ifpdf.sty
Package: ifpdf 2017/03/15 v3.2 Provides the ifpdf switch
)
Package pdftexcmds Info: LuaTeX not detected.
Package pdftexcmds Info: \pdf@primitive is available.
Package pdftexcmds Info: \pdf@ifprimitive is available.
Package pdftexcmds Info: \pdfdraftmode found.
)
(/usr/share/texlive/texmf-dist/tex/generic/oberdiek/catchfile.sty
Package: catchfile 2016/05/16 v1.7 Catch the contents of a file (HO)
)
runsystem(uname -s > "report.w18")...executed.


(./report.w18)
runsystem(rm -- "report.w18")...executed.

) (/usr/share/texlive/texmf-dist/tex/generic/xstring/xstring.sty
(/usr/share/texlive/texmf-dist/tex/generic/xstring/xstring.tex
\@xs@message=\write4
\integerpart=\count112
\decimalpart=\count113
)
Package: xstring 2013/10/13  v1.7c  String manipulations (C Tellechea)
)
(/usr/share/texlive/texmf-dist/tex/latex/framed/framed.sty
Package: framed 2011/10/22 v 0.96: framed or shaded text with page breaks
\OuterFrameSep=\skip47
\fb@frw=\dimen117
\fb@frh=\dimen118
\FrameRule=\dimen119
\FrameSep=\dimen120
)
(/usr/share/texlive/texmf-dist/tex/latex/float/float.sty
Package: float 2001/11/08 v1.3d Float enhancements (AL)
\c@float@type=\count114
\float@exts=\toks16
\float@box=\box32
\@float@everytoks=\toks17
\@floatcapt=\box33
)
\minted@appexistsfile=\read2
\minted@bgbox=\box34
\minted@code=\write5
\c@minted@FancyVerbLineTemp=\count115
\c@minted@pygmentizecounter=\count116
\@float@every@listing=\toks18
\c@listing=\count117
)
runsystem(mkdir -p _minted-report)...executed.


(/usr/share/texlive/texmf-dist/tex/latex/xcolor/xcolor.sty
Package: xcolor 2016/05/11 v2.12 LaTeX color extensions (UK)

(/usr/share/texlive/texmf-dist/tex/latex/graphics-cfg/color.cfg
File: color.cfg 2016/01/02 v1.6 sample color configuration
)
Package xcolor Info: Driver file: pdftex.def on input line 225.
Package xcolor Info: Model `cmy' substituted by `cmy0' on input line 1348.
Package xcolor Info: Model `hsb' substituted by `rgb' on input line 1352.
Package xcolor Info: Model `RGB' extended on input line 1364.
Package xcolor Info: Model `HTML' substituted by `rgb' on input line 1366.
Package xcolor Info: Model `Hsb' substituted by `hsb' on input line 1367.
Package xcolor Info: Model `tHsb' substituted by `hsb' on input line 1368.
Package xcolor Info: Model `HSB' substituted by `hsb' on input line 1369.
Package xcolor Info: Model `Gray' substituted by `gray' on input line 1370.
Package xcolor Info: Model `wave' substituted by `hsb' on input line 1371.

(/usr/share/texlive/texmf-dist/tex/latex/xcolor/svgnam.def
File: svgnam.def 2016/05/11 v2.12 Predefined colors according to SVG 1.1 (UK)
))
(/usr/share/texlive/texmf-dist/tex/latex/hyperref/hyperref.sty
Package: hyperref 2018/02/06 v6.86b Hypertext links for LaTeX

(/usr/share/texlive/texmf-dist/tex/generic/oberdiek/hobsub-hyperref.sty
Package: hobsub-hyperref 2016/05/16 v1.14 Bundle oberdiek, subset hyperref (HO)


(/usr/share/texlive/texmf-dist/tex/generic/oberdiek/hobsub-generic.sty
Package: hobsub-generic 2016/05/16 v1.14 Bundle oberdiek, subset generic (HO)
Package: hobsub 2016/05/16 v1.14 Construct package bundles (HO)
Package hobsub Info: Skipping package `infwarerr' (already loaded).
Package hobsub Info: Skipping package `ltxcmds' (already loaded).
Package hobsub Info: Skipping package `ifluatex' (already loaded).
Package: ifvtex 2016/05/16 v1.6 Detect VTeX and its facilities (HO)
Package ifvtex Info: VTeX not detected.
Package: intcalc 2016/05/16 v1.2 Expandable calculations with integers (HO)
Package hobsub Info: Skipping package `ifpdf' (already loaded).
Package hobsub Info: Skipping package `etexcmds' (already loaded).
Package hobsub Info: Skipping package `kvsetkeys' (already loaded).
Package: kvdefinekeys 2016/05/16 v1.4 Define keys (HO)
Package hobsub Info: Skipping package `pdftexcmds' (already loaded).
Package: pdfescape 2016/05/16 v1.14 Implements pdfTeX's escape features (HO)
Package: bigintcalc 2016/05/16 v1.4 Expandable calculations on big integers (HO
)
Package: bitset 2016/05/16 v1.2 Handle bit-vector datatype (HO)
Package: uniquecounter 2016/05/16 v1.3 Provide unlimited unique counter (HO)
)
Package hobsub Info: Skipping package `hobsub' (already loaded).
Package: letltxmacro 2016/05/16 v1.5 Let assignment for LaTeX macros (HO)
Package: hopatch 2016/05/16 v1.3 Wrapper for package hooks (HO)
Package: xcolor-patch 2016/05/16 xcolor patch
Package: atveryend 2016/05/16 v1.9 Hooks at the very end of document (HO)
Package: atbegshi 2016/06/09 v1.18 At begin shipout hook (HO)
Package: refcount 2016/05/16 v3.5 Data extraction from label references (HO)
Package: hycolor 2016/05/16 v1.8 Color options for hyperref/bookmark (HO)
)
(/usr/share/texlive/texmf-dist/tex/generic/ifxetex/ifxetex.sty
Package: ifxetex 2010/09/12 v0.6 Provides ifxetex conditional
)
(/usr/share/texlive/texmf-dist/tex/latex/oberdiek/auxhook.sty
Package: auxhook 2016/05/16 v1.4 Hooks for auxiliary files (HO)
)
\@linkdim=\dimen121
\Hy@linkcounter=\count118
\Hy@pagecounter=\count119

(/usr/share/texlive/texmf-dist/tex/latex/hyperref/pd1enc.def
File: pd1enc.def 2018/02/06 v6.86b Hyperref: PDFDocEncoding definition (HO)
)
\Hy@SavedSpaceFactor=\count120

(/usr/share/texlive/texmf-dist/tex/latex/latexconfig/hyperref.cfg
File: hyperref.cfg 2002/06/06 v1.2 hyperref configuration of TeXLive
)
Package hyperref Info: Option `colorlinks' set `true' on input line 4383.
Package hyperref Info: Hyper figures OFF on input line 4509.
Package hyperref Info: Link nesting OFF on input line 4514.
Package hyperref Info: Hyper index ON on input line 4517.
Package hyperref Info: Plain pages OFF on input line 4524.
Package hyperref Info: Backreferencing OFF on input line 4529.
Package hyperref Info: Implicit mode ON; LaTeX internals redefined.
Package hyperref Info: Bookmarks ON on input line 4762.
\c@Hy@tempcnt=\count121

(/usr/share/texlive/texmf-dist/tex/latex/url/url.sty
\Urlmuskip=\muskip10
Package: url 2013/09/16  ver 3.4  Verb mode for urls, etc.
)
LaTeX Info: Redefining \url on input line 5115.
\XeTeXLinkMargin=\dimen122
\Fld@menulength=\count122
\Field@Width=\dimen123
\Fld@charsize=\dimen124
Package hyperref Info: Hyper figures OFF on input line 6369.
Package hyperref Info: Link nesting OFF on input line 6374.
Package hyperref Info: Hyper index ON on input line 6377.
Package hyperref Info: backreferencing OFF on input line 6384.
Package hyperref Info: Link coloring ON on input line 6387.
Package hyperref Info: Link coloring with OCG OFF on input line 6394.
Package hyperref Info: PDF/A mode OFF on input line 6399.
LaTeX Info: Redefining \ref on input line 6439.
LaTeX Info: Redefining \pageref on input line 6443.
\Hy@abspage=\count123
\c@Item=\count124
\c@Hfootnote=\count125
)
Package hyperref Info: Driver (autodetected): hpdftex.

(/usr/share/texlive/texmf-dist/tex/latex/hyperref/hpdftex.def
File: hpdftex.def 2018/02/06 v6.86b Hyperref driver for pdfTeX
\Fld@listcount=\count126
\c@bookmark@seq@number=\count127

(/usr/share/texlive/texmf-dist/tex/latex/oberdiek/rerunfilecheck.sty
Package: rerunfilecheck 2016/05/16 v1.8 Rerun checks for auxiliary files (HO)
Package uniquecounter Info: New unique counter `rerunfilecheck' on input line 2
82.
)
\Hy@SectionHShift=\skip48
)
runsystem(which pygmentize && touch report.aex)...executed.

runsystem(rm report.aex)...executed.


(./report.aux)
\openout1 = `report.aux'.

LaTeX Font Info:    Checking defaults for OML/cmm/m/it on input line 13.
LaTeX Font Info:    ... okay on input line 13.
LaTeX Font Info:    Checking defaults for T1/cmr/m/n on input line 13.
LaTeX Font Info:    ... okay on input line 13.
LaTeX Font Info:    Checking defaults for OT1/cmr/m/n on input line 13.
LaTeX Font Info:    ... okay on input line 13.
LaTeX Font Info:    Checking defaults for OMS/cmsy/m/n on input line 13.
LaTeX Font Info:    ... okay on input line 13.
LaTeX Font Info:    Checking defaults for OMX/cmex/m/n on input line 13.
LaTeX Font Info:    ... okay on input line 13.
LaTeX Font Info:    Checking defaults for U/cmr/m/n on input line 13.
LaTeX Font Info:    ... okay on input line 13.
LaTeX Font Info:    Checking defaults for PD1/pdf/m/n on input line 13.
LaTeX Font Info:    ... okay on input line 13.

(/usr/share/texlive/texmf-dist/tex/context/base/mkii/supp-pdf.mkii
[Loading MPS to PDF converter (version 2006.09.02).]
\scratchcounter=\count128
\scratchdimen=\dimen125
\scratchbox=\box35
\nofMPsegments=\count129
\nofMParguments=\count130
\everyMPshowfont=\toks19
\MPscratchCnt=\count131
\MPscratchDim=\dimen126
\MPnumerator=\count132
\makeMPintoPDFobject=\count133
\everyMPtoPDFconversion=\toks20
) (/usr/share/texlive/texmf-dist/tex/latex/oberdiek/epstopdf-base.sty
Package: epstopdf-base 2016/05/15 v2.6 Base part for package epstopdf

(/usr/share/texlive/texmf-dist/tex/latex/oberdiek/grfext.sty
Package: grfext 2016/05/16 v1.2 Manage graphics extensions (HO)
)
Package epstopdf-base Info: Redefining graphics rule for `.eps' on input line 4
38.
Package grfext Info: Graphics extension search list:
(grfext)             [.pdf,.png,.jpg,.mps,.jpeg,.jbig2,.jb2,.PDF,.PNG,.JPG,.JPE
G,.JBIG2,.JB2,.eps]
(grfext)             \AppendGraphicsExtensions on input line 456.

(/usr/share/texlive/texmf-dist/tex/latex/latexconfig/epstopdf-sys.cfg
File: epstopdf-sys.cfg 2010/07/13 v1.3 Configuration of (r)epstopdf for TeX Liv
e
))
\AtBeginShipoutBox=\box36
Package hyperref Info: Link coloring ON on input line 13.

(/usr/share/texlive/texmf-dist/tex/latex/hyperref/nameref.sty
Package: nameref 2016/05/21 v2.44 Cross-referencing by name of section

(/usr/share/texlive/texmf-dist/tex/generic/oberdiek/gettitlestring.sty
Package: gettitlestring 2016/05/16 v1.5 Cleanup title references (HO)
)
\c@section@level=\count134
)
LaTeX Info: Redefining \ref on input line 13.
LaTeX Info: Redefining \pageref on input line 13.
LaTeX Info: Redefining \nameref on input line 13.

(./report.out) (./report.out)
\@outlinefile=\write6
\openout6 = `report.out'.

 (./titlepage.tex [1

{/var/lib/texmf/fonts/map/pdftex/updmap/pdftex.map}])pdfTeX warning (ext4): des
tination with the same identifier (name{page.1}) has been already used, duplica
te ignored
<to be read again> 
                   \relax 
l.26 	\newpage
               [1]
LaTeX Font Info:    External font `cmex10' loaded for size
(Font)              <7> on input line 28.
LaTeX Font Info:    External font `cmex10' loaded for size
(Font)              <5> on input line 28.
LaTeX Font Info:    External font `cmex10' loaded for size
(Font)              <8> on input line 28.
LaTeX Font Info:    External font `cmex10' loaded for size
(Font)              <6> on input line 28.
 [2]
Overfull \hbox (2.55505pt too wide) in paragraph at lines 42--43
[]\OT1/cmr/m/n/10 Finally, P2P pro-to-cols such as BitTorrent[[]], Dis-tributed
 Hash Ta-bles (DHT),
 []


Overfull \hbox (12.05623pt too wide) in paragraph at lines 51--52
\OT1/cmr/m/n/10 able pro-to-col which over-comes the trans-ac-tion lim-i-ta-tio
ns of the Bit-coin blockchain. 
 []

[3]
Missing character: There is no â in font cmr10!
Missing character: There is no € in font cmr10!
Missing character: There is no ™ in font cmr10!
 [4]
<comparison-timestamping.png, id=151, 729.72626pt x 201.75375pt>
File: comparison-timestamping.png Graphic file (type png)
<use comparison-timestamping.png>
Package pdftex.def Info: comparison-timestamping.png  used on input line 80.
(pdftex.def)             Requested size: 345.0pt x 95.38455pt.
<comparison-storage.png, id=152, 826.08624pt x 312.16624pt>
File: comparison-storage.png Graphic file (type png)
<use comparison-storage.png>
Package pdftex.def Info: comparison-storage.png  used on input line 88.
(pdftex.def)             Requested size: 345.0pt x 130.37062pt.
Missing character: There is no â in font cmr10!
Missing character: There is no € in font cmr10!
Missing character: There is no ™ in font cmr10!
 [5 <./comparison-timestamping.png> <./comparison-storage.png>] [6]
\openout3 = `report.pyg'.


(./_minted-report/default-pyg-prefix.pygstyle)
(./_minted-report/default.pygstyle)
(./_minted-report/C54C8302B12B7E2D29804606E14E72FE9B08CF2DCC1E74FCE855BB4B30EF5
210.pygtex)
\openout3 = `report.pyg'.


(./_minted-report/6EFAA3D7FF3ED88650E625B83F8AA1659B08CF2DCC1E74FCE855BB4B30EF5
210.pygtex [7]
LaTeX Font Info:    Font shape `OT1/cmtt/bx/n' in size <10> not available
(Font)              Font shape `OT1/cmtt/m/n' tried instead on input line 8.
)
\openout3 = `report.pyg'.


(./_minted-report/D3AFF1D946D67FE909E4E28F092D82D39B08CF2DCC1E74FCE855BB4B30EF5
210.pygtex)
\openout3 = `report.pyg'.


(./_minted-report/642C4DB479BE6F69D519D88756DC255C9B08CF2DCC1E74FCE855BB4B30EF5
210.pygtex [8]) [9]
<upload.png, id=185, 771.88374pt x 428.60126pt>
File: upload.png Graphic file (type png)
<use upload.png>
Package pdftex.def Info: upload.png  used on input line 200.
(pdftex.def)             Requested size: 345.0pt x 191.56734pt.
\openout3 = `report.pyg'.


(./_minted-report/460C5456990C155A14D6A999CD7D51F59B08CF2DCC1E74FCE855BB4B30EF5
210.pygtex)
\openout3 = `report.pyg'.


(./_minted-report/33705D170648E90EDBFCE6208F25B0E29B08CF2DCC1E74FCE855BB4B30EF5
210.pygtex [10 <./upload.png>])
\openout3 = `report.pyg'.


(./_minted-report/AFC4F46BB013D9751794F9F04BE7106E9B08CF2DCC1E74FCE855BB4B30EF5
210.pygtex)
\openout3 = `report.pyg'.


(./_minted-report/2B4D9E69B1016A5734A15478AB1BF94F9B08CF2DCC1E74FCE855BB4B30EF5
210.pygtex [11])
\openout3 = `report.pyg'.


(./_minted-report/979D611332F6A4C4DC6A6A7D6CBF0EAF9B08CF2DCC1E74FCE855BB4B30EF5
210.pygtex) [12]
<share.png, id=215, 915.42pt x 543.02875pt>
File: share.png Graphic file (type png)
<use share.png>
Package pdftex.def Info: share.png  used on input line 302.
(pdftex.def)             Requested size: 345.0pt x 204.65443pt.
\openout3 = `report.pyg'.


(./_minted-report/A6A1B2FAAB960E5753DB5040B5A362AE9B08CF2DCC1E74FCE855BB4B30EF5
210.pygtex [13 <./share.png>])
\openout3 = `report.pyg'.


(./_minted-report/9695E6189CAD962FEB7FB119A4594C949B08CF2DCC1E74FCE855BB4B30EF5
210.pygtex)
\openout3 = `report.pyg'.


(./_minted-report/E214871CC5C3D4D46CDFF233F1EA32509B08CF2DCC1E74FCE855BB4B30EF5
210.pygtex) [14]
\openout3 = `report.pyg'.


(./_minted-report/2A1DB7115FDFD593F4C6DF70DBC39B889B08CF2DCC1E74FCE855BB4B30EF5
210.pygtex)
\openout3 = `report.pyg'.


(./_minted-report/39239D26B2E8D89338B89D86CFAF4DE09B08CF2DCC1E74FCE855BB4B30EF5
210.pygtex [15])
\openout3 = `report.pyg'.


(./_minted-report/B894EB649042955F0BA4B9FC10756C229B08CF2DCC1E74FCE855BB4B30EF5
210.pygtex)
\openout3 = `report.pyg'.


(./_minted-report/814EFA3EF605FFAA48B201EB344FB6439B08CF2DCC1E74FCE855BB4B30EF5
210.pygtex)
\openout3 = `report.pyg'.


(./_minted-report/B00F263A39EB8A9067BD150EFD9BC9119B08CF2DCC1E74FCE855BB4B30EF5
210.pygtex) [16]
\openout3 = `report.pyg'.


(./_minted-report/4C2E6F5AFC6F1DC43F59194C6ADA4A3B9B08CF2DCC1E74FCE855BB4B30EF5
210.pygtex) [17] [18] [19] (./report.bbl
Underfull \hbox (badness 2512) in paragraph at lines 14--17
[]\OT1/cmr/m/sc/10 Gipp, B., Meuschke, N., and Ger-nandt, A.  \OT1/cmr/m/n/10 D
e-cen-tral-ized
 []

)
Package atveryend Info: Empty hook `BeforeClearDocument' on input line 513.
 [20]
Package atveryend Info: Empty hook `AfterLastShipout' on input line 513.
 (./report.aux)
Package atveryend Info: Executing hook `AtVeryEndDocument' on input line 513.
Package atveryend Info: Executing hook `AtEndAfterFileList' on input line 513.
Package rerunfilecheck Info: File `report.out' has not changed.
(rerunfilecheck)             Checksum: 4F82403B194F3994B149E0874DB9DB5C;1126.
runsystem(rm report.pyg)...executed.

 ) 
Here is how much of TeX's memory you used:
 8808 strings out of 494923
 150073 string characters out of 6180741
 279802 words of memory out of 5000000
 11874 multiletter control sequences out of 15000+600000
 9989 words of font info for 36 fonts, out of 8000000 for 9000
 14 hyphenation exceptions out of 8191
 37i,8n,35p,850b,530s stack positions out of 5000i,500n,10000p,200000b,80000s
</usr/share/texlive/texmf-dist/fonts/type1/public/amsfonts/cm/cmbx10.pfb></us
r/share/texlive/texmf-dist/fonts/type1/public/amsfonts/cm/cmbx12.pfb></usr/shar
e/texlive/texmf-dist/fonts/type1/public/amsfonts/cm/cmbx9.pfb></usr/share/texli
ve/texmf-dist/fonts/type1/public/amsfonts/cm/cmcsc10.pfb></usr/share/texlive/te
xmf-dist/fonts/type1/public/amsfonts/cm/cmitt10.pfb></usr/share/texlive/texmf-d
ist/fonts/type1/public/amsfonts/cm/cmr10.pfb></usr/share/texlive/texmf-dist/fon
ts/type1/public/amsfonts/cm/cmr12.pfb></usr/share/texlive/texmf-dist/fonts/type
1/public/amsfonts/cm/cmr17.pfb></usr/share/texlive/texmf-dist/fonts/type1/publi
c/amsfonts/cm/cmr6.pfb></usr/share/texlive/texmf-dist/fonts/type1/public/amsfon
ts/cm/cmr7.pfb></usr/share/texlive/texmf-dist/fonts/type1/public/amsfonts/cm/cm
r9.pfb></usr/share/texlive/texmf-dist/fonts/type1/public/amsfonts/cm/cmti10.pfb
></usr/share/texlive/texmf-dist/fonts/type1/public/amsfonts/cm/cmti9.pfb></usr/
share/texlive/texmf-dist/fonts/type1/public/amsfonts/cm/cmtt10.pfb></usr/share/
texlive/texmf-dist/fonts/type1/public/amsfonts/cm/cmtt8.pfb>
Output written on report.pdf (21 pages, 323019 bytes).
PDF statistics:
 334 PDF objects out of 1000 (max. 8388607)
 287 compressed objects within 3 object streams
 71 named destinations out of 1000 (max. 500000)
 173 words of extra memory for PDF output out of 10000 (max. 10000000)

